  [1m[35m (0.8ms)[0m  [1m[34mSELECT sqlite_version(*)[0m
  [1m[35m (0.1ms)[0m  [1m[34mSELECT sqlite_version(*)[0m
Started GET "/" for 127.0.0.1 at 2019-08-22 15:54:46 -0700
  [1m[35m (0.8ms)[0m  [1m[34mSELECT sqlite_version(*)[0m
  
ActiveRecord::PendingMigrationError (

Migrations are pending. To resolve this issue, run:

        rails db:migrate RAILS_ENV=development

):
  
activerecord (6.0.0) lib/active_record/migration.rb:587:in `check_pending!'
activerecord (6.0.0) lib/active_record/migration.rb:564:in `call'
actionpack (6.0.0) lib/action_dispatch/middleware/callbacks.rb:27:in `block in call'
activesupport (6.0.0) lib/active_support/callbacks.rb:101:in `run_callbacks'
actionpack (6.0.0) lib/action_dispatch/middleware/callbacks.rb:26:in `call'
actionpack (6.0.0) lib/action_dispatch/middleware/executor.rb:14:in `call'
actionpack (6.0.0) lib/action_dispatch/middleware/actionable_exceptions.rb:17:in `call'
actionpack (6.0.0) lib/action_dispatch/middleware/debug_exceptions.rb:32:in `call'
web-console (4.0.1) lib/web_console/middleware.rb:132:in `call_app'
web-console (4.0.1) lib/web_console/middleware.rb:28:in `block in call'
web-console (4.0.1) lib/web_console/middleware.rb:17:in `catch'
web-console (4.0.1) lib/web_console/middleware.rb:17:in `call'
actionpack (6.0.0) lib/action_dispatch/middleware/show_exceptions.rb:33:in `call'
railties (6.0.0) lib/rails/rack/logger.rb:38:in `call_app'
railties (6.0.0) lib/rails/rack/logger.rb:26:in `block in call'
activesupport (6.0.0) lib/active_support/tagged_logging.rb:80:in `block in tagged'
activesupport (6.0.0) lib/active_support/tagged_logging.rb:28:in `tagged'
activesupport (6.0.0) lib/active_support/tagged_logging.rb:80:in `tagged'
railties (6.0.0) lib/rails/rack/logger.rb:26:in `call'
actionpack (6.0.0) lib/action_dispatch/middleware/remote_ip.rb:81:in `call'
actionpack (6.0.0) lib/action_dispatch/middleware/request_id.rb:27:in `call'
rack (2.0.7) lib/rack/method_override.rb:22:in `call'
rack (2.0.7) lib/rack/runtime.rb:22:in `call'
activesupport (6.0.0) lib/active_support/cache/strategy/local_cache_middleware.rb:29:in `call'
actionpack (6.0.0) lib/action_dispatch/middleware/executor.rb:14:in `call'
actionpack (6.0.0) lib/action_dispatch/middleware/static.rb:126:in `call'
rack (2.0.7) lib/rack/sendfile.rb:111:in `call'
actionpack (6.0.0) lib/action_dispatch/middleware/host_authorization.rb:83:in `call'
railties (6.0.0) lib/rails/engine.rb:526:in `call'
rack (2.0.7) lib/rack/handler/webrick.rb:86:in `service'
/home/xiaoda/.rbenv/versions/2.5.3/lib/ruby/2.5.0/webrick/httpserver.rb:140:in `service'
/home/xiaoda/.rbenv/versions/2.5.3/lib/ruby/2.5.0/webrick/httpserver.rb:96:in `run'
/home/xiaoda/.rbenv/versions/2.5.3/lib/ruby/2.5.0/webrick/server.rb:307:in `block in start_thread'
  [1m[35m (0.7ms)[0m  [1m[34mSELECT sqlite_version(*)[0m
  [1m[35m (11.3ms)[0m  [1m[35mCREATE TABLE "schema_migrations" ("version" varchar NOT NULL PRIMARY KEY)[0m
  [1m[35m (5.8ms)[0m  [1m[35mCREATE TABLE "ar_internal_metadata" ("key" varchar NOT NULL PRIMARY KEY, "value" varchar, "created_at" datetime(6) NOT NULL, "updated_at" datetime(6) NOT NULL)[0m
  [1m[35m (0.1ms)[0m  [1m[34mSELECT "schema_migrations"."version" FROM "schema_migrations" ORDER BY "schema_migrations"."version" ASC[0m
Migrating to CreateMessages (20150327005752)
Started GET "/" for 127.0.0.1 at 2019-08-22 15:57:29 -0700
  [1m[35m (1.0ms)[0m  [1m[34mSELECT sqlite_version(*)[0m
  [1m[35m (0.1ms)[0m  [1m[34mSELECT "schema_migrations"."version" FROM "schema_migrations" ORDER BY "schema_migrations"."version" ASC[0m
  
ActiveRecord::PendingMigrationError (

Migrations are pending. To resolve this issue, run:

        rails db:migrate RAILS_ENV=development

):
  
activerecord (6.0.0) lib/active_record/migration.rb:587:in `check_pending!'
activerecord (6.0.0) lib/active_record/migration.rb:564:in `call'
actionpack (6.0.0) lib/action_dispatch/middleware/callbacks.rb:27:in `block in call'
activesupport (6.0.0) lib/active_support/callbacks.rb:101:in `run_callbacks'
actionpack (6.0.0) lib/action_dispatch/middleware/callbacks.rb:26:in `call'
actionpack (6.0.0) lib/action_dispatch/middleware/executor.rb:14:in `call'
actionpack (6.0.0) lib/action_dispatch/middleware/actionable_exceptions.rb:17:in `call'
actionpack (6.0.0) lib/action_dispatch/middleware/debug_exceptions.rb:32:in `call'
web-console (4.0.1) lib/web_console/middleware.rb:132:in `call_app'
web-console (4.0.1) lib/web_console/middleware.rb:28:in `block in call'
web-console (4.0.1) lib/web_console/middleware.rb:17:in `catch'
web-console (4.0.1) lib/web_console/middleware.rb:17:in `call'
actionpack (6.0.0) lib/action_dispatch/middleware/show_exceptions.rb:33:in `call'
railties (6.0.0) lib/rails/rack/logger.rb:38:in `call_app'
railties (6.0.0) lib/rails/rack/logger.rb:26:in `block in call'
activesupport (6.0.0) lib/active_support/tagged_logging.rb:80:in `block in tagged'
activesupport (6.0.0) lib/active_support/tagged_logging.rb:28:in `tagged'
activesupport (6.0.0) lib/active_support/tagged_logging.rb:80:in `tagged'
railties (6.0.0) lib/rails/rack/logger.rb:26:in `call'
actionpack (6.0.0) lib/action_dispatch/middleware/remote_ip.rb:81:in `call'
actionpack (6.0.0) lib/action_dispatch/middleware/request_id.rb:27:in `call'
rack (2.0.7) lib/rack/method_override.rb:22:in `call'
rack (2.0.7) lib/rack/runtime.rb:22:in `call'
activesupport (6.0.0) lib/active_support/cache/strategy/local_cache_middleware.rb:29:in `call'
actionpack (6.0.0) lib/action_dispatch/middleware/executor.rb:14:in `call'
actionpack (6.0.0) lib/action_dispatch/middleware/static.rb:126:in `call'
rack (2.0.7) lib/rack/sendfile.rb:111:in `call'
actionpack (6.0.0) lib/action_dispatch/middleware/host_authorization.rb:83:in `call'
railties (6.0.0) lib/rails/engine.rb:526:in `call'
rack (2.0.7) lib/rack/handler/webrick.rb:86:in `service'
/home/xiaoda/.rbenv/versions/2.5.3/lib/ruby/2.5.0/webrick/httpserver.rb:140:in `service'
/home/xiaoda/.rbenv/versions/2.5.3/lib/ruby/2.5.0/webrick/httpserver.rb:96:in `run'
/home/xiaoda/.rbenv/versions/2.5.3/lib/ruby/2.5.0/webrick/server.rb:307:in `block in start_thread'
  [1m[35m (0.7ms)[0m  [1m[34mSELECT sqlite_version(*)[0m
  [1m[35m (0.1ms)[0m  [1m[34mSELECT "schema_migrations"."version" FROM "schema_migrations" ORDER BY "schema_migrations"."version" ASC[0m
Migrating to CreateMessages (20150327005752)
  [1m[35m (0.7ms)[0m  [1m[34mSELECT sqlite_version(*)[0m
  [1m[35m (0.2ms)[0m  [1m[34mSELECT "schema_migrations"."version" FROM "schema_migrations" ORDER BY "schema_migrations"."version" ASC[0m
Migrating to CreateMessages (20150327005752)
  [1m[35m (0.1ms)[0m  [1m[36mbegin transaction[0m
  [1m[35m (0.4ms)[0m  [1m[35mCREATE TABLE "messages" ("id" integer PRIMARY KEY AUTOINCREMENT NOT NULL, "author" varchar, "text" varchar, "created_at" datetime NOT NULL, "updated_at" datetime NOT NULL)[0m
  [1m[36mprimary::SchemaMigration Create (0.2ms)[0m  [1m[32mINSERT INTO "schema_migrations" ("version") VALUES (?)[0m  [["version", "20150327005752"]]
  [1m[35m (4.7ms)[0m  [1m[36mcommit transaction[0m
  [1m[36mActiveRecord::InternalMetadata Load (0.2ms)[0m  [1m[34mSELECT "ar_internal_metadata".* FROM "ar_internal_metadata" WHERE "ar_internal_metadata"."key" = ? LIMIT ?[0m  [["key", "environment"], ["LIMIT", 1]]
  [1m[35m (0.1ms)[0m  [1m[36mbegin transaction[0m
  [1m[36mActiveRecord::InternalMetadata Create (0.2ms)[0m  [1m[32mINSERT INTO "ar_internal_metadata" ("key", "value", "created_at", "updated_at") VALUES (?, ?, ?, ?)[0m  [["key", "environment"], ["value", "development"], ["created_at", "2019-08-22 22:59:13.810874"], ["updated_at", "2019-08-22 22:59:13.810874"]]
  [1m[35m (4.5ms)[0m  [1m[36mcommit transaction[0m
  [1m[35m (0.2ms)[0m  [1m[34mSELECT sqlite_version(*)[0m
  [1m[35m (0.1ms)[0m  [1m[34mSELECT "schema_migrations"."version" FROM "schema_migrations" ORDER BY "schema_migrations"."version" ASC[0m
Started GET "/" for 127.0.0.1 at 2019-08-22 15:59:23 -0700
  [1m[35m (0.8ms)[0m  [1m[34mSELECT sqlite_version(*)[0m
  [1m[35m (0.1ms)[0m  [1m[34mSELECT "schema_migrations"."version" FROM "schema_migrations" ORDER BY "schema_migrations"."version" ASC[0m
Processing by MessagesController#index as HTML
  Rendering messages/index.html.erb within layouts/application
  [1m[36mMessage Load (0.6ms)[0m  [1m[34mSELECT "messages".* FROM "messages"[0m
  Rendered messages/index.html.erb within layouts/application (Duration: 9.3ms | Allocations: 977)
Completed 200 OK in 3214ms (Views: 1188.6ms | ActiveRecord: 1.3ms | Allocations: 319058)


Started GET "/assets/messages.self-e3b0c44298fc1c149afbf4c8996fb92427ae41e4649b934ca495991b7852b855.css?body=1" for 127.0.0.1 at 2019-08-22 15:59:27 -0700
Started GET "/assets/application.self-4eb5338f9a944015178a8b2d4c15eecd22b5130e2eff5c6c1d353c48dc70b934.css?body=1" for 127.0.0.1 at 2019-08-22 15:59:27 -0700
Started GET "/assets/jquery.self-bd7ddd393353a8d2480a622e80342adf488fb6006d667e8b42e4c0073393abee.js?body=1" for 127.0.0.1 at 2019-08-22 15:59:27 -0700
Started GET "/assets/turbolinks.self-569ee74eaa15c1e2019317ff770b8769b1ec033a0f572a485f64c82ddc8f989e.js?body=1" for 127.0.0.1 at 2019-08-22 15:59:27 -0700
Started GET "/assets/jquery_ujs.self-784a997f6726036b1993eb2217c9cb558e1cbb801c6da88105588c56f13b466a.js?body=1" for 127.0.0.1 at 2019-08-22 15:59:27 -0700
Started GET "/assets/bundle.self-c5c550dd166603c0517081161958a9b229c105a13be0174ce6e334e2bf8ee440.js?body=1" for 127.0.0.1 at 2019-08-22 15:59:27 -0700
Started GET "/assets/application.self-3a3c8b61bda630ee689740ce7cbd0dd8ea6fdd45e2c42eef4661ab38cf268afe.js?body=1" for 127.0.0.1 at 2019-08-22 15:59:27 -0700
Started GET "/assets/messages.self-877aef30ae1b040ab8a3aba4e3e309a11d7f2612f44dde450b5c157aa5f95c05.js?body=1" for 127.0.0.1 at 2019-08-22 15:59:27 -0700
  [1m[35m (0.2ms)[0m  [1m[34mSELECT sqlite_version(*)[0m
Started POST "/messages" for 127.0.0.1 at 2019-08-22 16:04:35 -0700
Processing by MessagesController#create as JSON
  Parameters: {"authenticity_token"=>"5VSl5+/MEHCipu0prlCF13GonDreAfVvJXY4y7f9H5PvsNbH42nKnEqVF3JHm1zD6HzfjHkNgSRH5p7t58Cz6Q==", "message"=>{"author"=>"ts", "text"=>"as"}}
  [1m[35m (0.1ms)[0m  [1m[36mbegin transaction[0m
  [1m[36mMessage Create (0.3ms)[0m  [1m[32mINSERT INTO "messages" ("author", "text", "created_at", "updated_at") VALUES (?, ?, ?, ?)[0m  [["author", "ts"], ["text", "as"], ["created_at", "2019-08-22 23:04:37.435713"], ["updated_at", "2019-08-22 23:04:37.435713"]]
  [1m[35m (5.7ms)[0m  [1m[36mcommit transaction[0m
Completed 200 OK in 2042ms (Views: 0.3ms | ActiveRecord: 7.9ms | Allocations: 5123)


Started POST "/messages" for 127.0.0.1 at 2019-08-22 16:04:45 -0700
Processing by MessagesController#create as JSON
  Parameters: {"authenticity_token"=>"5VSl5+/MEHCipu0prlCF13GonDreAfVvJXY4y7f9H5PvsNbH42nKnEqVF3JHm1zD6HzfjHkNgSRH5p7t58Cz6Q==", "message"=>{"author"=>"dd", "text"=>"dd"}}
  [1m[35m (0.2ms)[0m  [1m[36mbegin transaction[0m
  [1m[36mMessage Create (0.8ms)[0m  [1m[32mINSERT INTO "messages" ("author", "text", "created_at", "updated_at") VALUES (?, ?, ?, ?)[0m  [["author", "dd"], ["text", "dd"], ["created_at", "2019-08-22 23:04:47.453483"], ["updated_at", "2019-08-22 23:04:47.453483"]]
  [1m[35m (17.2ms)[0m  [1m[36mcommit transaction[0m
Completed 200 OK in 2027ms (Views: 0.9ms | ActiveRecord: 18.2ms | Allocations: 1668)


  [1m[35m (2.3ms)[0m  [1m[34mSELECT sqlite_version(*)[0m
  [1m[36mMessage Load (0.4ms)[0m  [1m[34mSELECT "messages".* FROM "messages" LIMIT ?[0m  [["LIMIT", 11]]
